2017-02-20 20:19:11.2039|INFO|Microsoft.AspNetCore.Hosting.Internal.WebHost|Request starting HTTP/1.1 DEBUG http://localhost:50969/  0
2017-02-20 20:19:11.2039|INFO|Microsoft.AspNetCore.Hosting.Internal.WebHost|Request starting HTTP/1.1 GET http://localhost:50969/  
2017-02-20 20:19:11.5297|INFO|Microsoft.AspNetCore.Hosting.Internal.WebHost|Request finished in 360.0637ms 200 
2017-02-20 20:19:12.0371|INFO|Microsoft.AspNetCore.Hosting.Internal.WebHost|Request finished in 899.5552ms 404 text/plain
2017-02-20 20:19:12.2466|INFO|Microsoft.AspNetCore.Hosting.Internal.WebHost|Request starting HTTP/1.1 GET http://localhost:50969/favicon.ico  
2017-02-20 20:19:12.2466|INFO|Microsoft.AspNetCore.Hosting.Internal.WebHost|Request finished in 8.2385ms 404 text/plain
2017-02-20 20:19:28.0488|INFO|Microsoft.AspNetCore.Hosting.Internal.WebHost|Request starting HTTP/1.1 DELETE http://localhost:50969/api/customers application/json 
2017-02-20 20:19:28.1080|INFO|Microsoft.AspNetCore.Hosting.Internal.WebHost|Request finished in 59.2931ms 404 text/plain
2017-02-20 20:19:41.4503|INFO|Microsoft.AspNetCore.Hosting.Internal.WebHost|Request starting HTTP/1.1 DELETE http://localhost:50969/api/customers application/json 
2017-02-20 20:19:41.4503|INFO|Microsoft.AspNetCore.Hosting.Internal.WebHost|Request finished in 8.0303ms 404 text/plain
2017-02-20 20:21:20.8066|INFO|Microsoft.AspNetCore.Hosting.Internal.WebHost|Request starting HTTP/1.1 DELETE http://localhost:50969/api/customers application/json 
2017-02-20 20:21:20.8066|INFO|Microsoft.AspNetCore.Hosting.Internal.WebHost|Request finished in 7.2891ms 404 text/plain
2017-02-20 20:22:18.4969|INFO|Microsoft.AspNetCore.Hosting.Internal.WebHost|Request starting HTTP/1.1 GET http://localhost:50969/  
2017-02-20 20:22:18.4969|INFO|Microsoft.AspNetCore.Hosting.Internal.WebHost|Request starting HTTP/1.1 DEBUG http://localhost:50969/  0
2017-02-20 20:22:18.6573|INFO|Microsoft.AspNetCore.Hosting.Internal.WebHost|Request finished in 221.9933ms 200 
2017-02-20 20:22:18.9621|INFO|Microsoft.AspNetCore.Hosting.Internal.WebHost|Request finished in 546.4956ms 404 text/plain
2017-02-20 20:22:20.3998|INFO|Microsoft.AspNetCore.Hosting.Internal.WebHost|Request starting HTTP/1.1 DELETE http://localhost:50969/api/customers application/json 
2017-02-20 20:22:20.4530|INFO|Microsoft.AspNetCore.Hosting.Internal.WebHost|Request finished in 53.2092ms 404 text/plain
2017-02-20 20:22:21.7043|INFO|Microsoft.AspNetCore.Hosting.Internal.WebHost|Request starting HTTP/1.1 DELETE http://localhost:50969/api/customers application/json 
2017-02-20 20:22:21.7133|INFO|Microsoft.AspNetCore.Hosting.Internal.WebHost|Request finished in 9.2343ms 404 text/plain
2017-02-20 20:22:23.2883|INFO|Microsoft.AspNetCore.Hosting.Internal.WebHost|Request starting HTTP/1.1 DELETE http://localhost:50969/api/customers application/json 
2017-02-20 20:22:23.2883|INFO|Microsoft.AspNetCore.Hosting.Internal.WebHost|Request finished in 8.9228ms 404 text/plain
2017-02-20 20:22:48.3522|INFO|Microsoft.AspNetCore.Hosting.Internal.WebHost|Request starting HTTP/1.1 GET http://localhost:50969/api/customers application/json 
2017-02-20 20:22:52.7127|INFO|Microsoft.AspNetCore.Mvc.Internal.ControllerActionInvoker|Executing action method HerhalingNetCore.Api.Api.Controllers.CustomersController.GetAll (HerhalingNetCore.Api) with arguments ((null)) - ModelState is Valid
2017-02-20 20:22:54.0343|INFO|Microsoft.EntityFrameworkCore.Storage.IRelationalCommandBuilderFactory|Executed DbCommand (40ms) [Parameters=[], CommandType='Text', CommandTimeout='30']
SELECT [c].[Id], [c].[BillingAddressId], [c].[DeliveryAddresId], [c].[Firstname], [c].[Lastname]
FROM [Customers] AS [c]
2017-02-20 20:22:54.1065|INFO|Microsoft.AspNetCore.Mvc.Internal.ObjectResultExecutor|Executing ObjectResult, writing value Microsoft.AspNetCore.Mvc.ControllerContext.
2017-02-20 20:22:54.3101|INFO|Microsoft.AspNetCore.Mvc.Internal.ControllerActionInvoker|Executed action HerhalingNetCore.Api.Api.Controllers.CustomersController.GetAll (HerhalingNetCore.Api) in 5868.4144ms
2017-02-20 20:22:54.3201|INFO|Microsoft.AspNetCore.Hosting.Internal.WebHost|Request finished in 5967.9675ms 200 application/json; charset=utf-8
2017-02-20 20:31:47.9656|INFO|Microsoft.AspNetCore.Hosting.Internal.WebHost|Request starting HTTP/1.1 DEBUG http://localhost:50969/  0
2017-02-20 20:31:47.9656|INFO|Microsoft.AspNetCore.Hosting.Internal.WebHost|Request starting HTTP/1.1 GET http://localhost:50969/  
2017-02-20 20:31:48.1411|INFO|Microsoft.AspNetCore.Hosting.Internal.WebHost|Request finished in 226.2647ms 200 
2017-02-20 20:31:48.4850|INFO|Microsoft.AspNetCore.Hosting.Internal.WebHost|Request finished in 589.7371ms 404 text/plain
2017-02-20 20:34:06.6364|INFO|Microsoft.AspNetCore.Hosting.Internal.WebHost|Request starting HTTP/1.1 GET http://localhost:50969/api/customers application/json 
2017-02-20 20:34:06.9292|INFO|Microsoft.AspNetCore.Mvc.Internal.ControllerActionInvoker|Executing action method HerhalingNetCore.Api.Api.Controllers.CustomersController.GetAll (HerhalingNetCore.Api) with arguments ((null)) - ModelState is Valid
2017-02-20 20:34:08.1425|INFO|Microsoft.EntityFrameworkCore.Storage.IRelationalCommandBuilderFactory|Executed DbCommand (38ms) [Parameters=[], CommandType='Text', CommandTimeout='30']
SELECT [c].[Id], [c].[BillingAddressId], [c].[DeliveryAddresId], [c].[Firstname], [c].[Lastname]
FROM [Customers] AS [c]
2017-02-20 20:34:08.3279|INFO|Microsoft.AspNetCore.Mvc.Internal.ObjectResultExecutor|Executing ObjectResult, writing value Microsoft.AspNetCore.Mvc.ControllerContext.
2017-02-20 20:34:08.6097|INFO|Microsoft.AspNetCore.Mvc.Internal.ControllerActionInvoker|Executed action HerhalingNetCore.Api.Api.Controllers.CustomersController.GetAll (HerhalingNetCore.Api) in 1878.2858ms
2017-02-20 20:34:08.6257|INFO|Microsoft.AspNetCore.Hosting.Internal.WebHost|Request finished in 2011.5003ms 200 application/json; charset=utf-8
2017-02-20 20:36:42.9148|INFO|Microsoft.AspNetCore.Hosting.Internal.WebHost|Request starting HTTP/1.1 GET http://localhost:50969/  
2017-02-20 20:36:42.9148|INFO|Microsoft.AspNetCore.Hosting.Internal.WebHost|Request starting HTTP/1.1 DEBUG http://localhost:50969/  0
2017-02-20 20:36:43.0712|INFO|Microsoft.AspNetCore.Hosting.Internal.WebHost|Request finished in 203.1756ms 200 
2017-02-20 20:36:43.4201|INFO|Microsoft.AspNetCore.Hosting.Internal.WebHost|Request finished in 575.2782ms 404 text/plain
2017-02-20 20:37:03.4867|INFO|Microsoft.AspNetCore.Hosting.Internal.WebHost|Request starting HTTP/1.1 GET http://localhost:50969/api/customers application/json 
2017-02-20 20:37:03.8172|INFO|Microsoft.AspNetCore.Mvc.Internal.ControllerActionInvoker|Executing action method HerhalingNetCore.Api.Api.Controllers.CustomersController.GetAll (HerhalingNetCore.Api) with arguments ((null)) - ModelState is Valid
2017-02-20 20:37:05.2613|INFO|Microsoft.EntityFrameworkCore.Storage.IRelationalCommandBuilderFactory|Executed DbCommand (45ms) [Parameters=[], CommandType='Text', CommandTimeout='30']
SELECT [x].[Id], [x].[BillingAddressId], [x].[DeliveryAddresId], [x].[Firstname], [x].[Lastname], [a].[Id], [a].[BusNumber], [a].[City], [a].[Country], [a].[Number], [a].[PostalCode], [a].[StreetName], [a0].[Id], [a0].[BusNumber], [a0].[City], [a0].[Country], [a0].[Number], [a0].[PostalCode], [a0].[StreetName]
FROM [Customers] AS [x]
LEFT JOIN [Addresses] AS [a] ON [x].[BillingAddressId] = [a].[Id]
LEFT JOIN [Addresses] AS [a0] ON [x].[DeliveryAddresId] = [a0].[Id]
2017-02-20 20:37:05.4899|INFO|Microsoft.AspNetCore.Mvc.Internal.ObjectResultExecutor|Executing ObjectResult, writing value Microsoft.AspNetCore.Mvc.ControllerContext.
2017-02-20 20:37:05.7466|INFO|Microsoft.AspNetCore.Mvc.Internal.ControllerActionInvoker|Executed action HerhalingNetCore.Api.Api.Controllers.CustomersController.GetAll (HerhalingNetCore.Api) in 2145.8566ms
2017-02-20 20:37:05.7617|INFO|Microsoft.AspNetCore.Hosting.Internal.WebHost|Request finished in 2279.7427ms 200 application/json; charset=utf-8
2017-02-20 20:37:42.2804|INFO|Microsoft.AspNetCore.Hosting.Internal.WebHost|Request starting HTTP/1.1 POST http://localhost:50969/api/customers application/json 490
2017-02-20 20:37:42.4910|INFO|Microsoft.AspNetCore.Mvc.Internal.ControllerActionInvoker|Executing action method HerhalingNetCore.Api.Api.Controllers.CustomersController.Add (HerhalingNetCore.Api) with arguments (HerhalingNetCore.Api.Api.Models.Customer.CustomerEdit) - ModelState is Valid
2017-02-20 20:37:42.5822|INFO|Microsoft.AspNetCore.Mvc.Internal.ObjectResultExecutor|Executing ObjectResult, writing value Microsoft.AspNetCore.Mvc.ControllerContext.
2017-02-20 20:37:42.5962|INFO|Microsoft.AspNetCore.Mvc.Internal.ControllerActionInvoker|Executed action HerhalingNetCore.Api.Api.Controllers.CustomersController.Add (HerhalingNetCore.Api) in 297.1247ms
2017-02-20 20:37:42.6143|INFO|Microsoft.AspNetCore.Hosting.Internal.WebHost|Request finished in 335.5542ms 201 application/json; charset=utf-8
2017-02-20 20:37:48.3675|INFO|Microsoft.AspNetCore.Hosting.Internal.WebHost|Request starting HTTP/1.1 GET http://localhost:50969/api/customers application/json 
2017-02-20 20:37:48.3815|INFO|Microsoft.AspNetCore.Mvc.Internal.ControllerActionInvoker|Executing action method HerhalingNetCore.Api.Api.Controllers.CustomersController.GetAll (HerhalingNetCore.Api) with arguments ((null)) - ModelState is Valid
2017-02-20 20:37:48.4126|INFO|Microsoft.EntityFrameworkCore.Storage.IRelationalCommandBuilderFactory|Executed DbCommand (4ms) [Parameters=[], CommandType='Text', CommandTimeout='30']
SELECT [x].[Id], [x].[BillingAddressId], [x].[DeliveryAddresId], [x].[Firstname], [x].[Lastname], [a].[Id], [a].[BusNumber], [a].[City], [a].[Country], [a].[Number], [a].[PostalCode], [a].[StreetName], [a0].[Id], [a0].[BusNumber], [a0].[City], [a0].[Country], [a0].[Number], [a0].[PostalCode], [a0].[StreetName]
FROM [Customers] AS [x]
LEFT JOIN [Addresses] AS [a] ON [x].[BillingAddressId] = [a].[Id]
LEFT JOIN [Addresses] AS [a0] ON [x].[DeliveryAddresId] = [a0].[Id]
2017-02-20 20:37:48.4286|INFO|Microsoft.AspNetCore.Mvc.Internal.ObjectResultExecutor|Executing ObjectResult, writing value Microsoft.AspNetCore.Mvc.ControllerContext.
2017-02-20 20:37:48.4457|INFO|Microsoft.AspNetCore.Mvc.Internal.ControllerActionInvoker|Executed action HerhalingNetCore.Api.Api.Controllers.CustomersController.GetAll (HerhalingNetCore.Api) in 64.184ms
2017-02-20 20:37:48.4597|INFO|Microsoft.AspNetCore.Hosting.Internal.WebHost|Request finished in 92.7711ms 200 application/json; charset=utf-8
2017-02-20 20:38:16.6234|INFO|Microsoft.AspNetCore.Hosting.Internal.WebHost|Request starting HTTP/1.1 DEBUG http://localhost:50969/  0
2017-02-20 20:38:16.6234|INFO|Microsoft.AspNetCore.Hosting.Internal.WebHost|Request starting HTTP/1.1 GET http://localhost:50969/  
2017-02-20 20:38:16.7678|INFO|Microsoft.AspNetCore.Hosting.Internal.WebHost|Request finished in 200.2047ms 200 
2017-02-20 20:38:17.0626|INFO|Microsoft.AspNetCore.Hosting.Internal.WebHost|Request finished in 515.4974ms 404 text/plain
2017-02-20 20:38:23.5803|INFO|Microsoft.AspNetCore.Hosting.Internal.WebHost|Request starting HTTP/1.1 GET http://localhost:50969/api/customers application/json 
2017-02-20 20:38:23.8951|INFO|Microsoft.AspNetCore.Mvc.Internal.ControllerActionInvoker|Executing action method HerhalingNetCore.Api.Api.Controllers.CustomersController.GetAll (HerhalingNetCore.Api) with arguments ((null)) - ModelState is Valid
2017-02-20 20:38:25.2377|INFO|Microsoft.EntityFrameworkCore.Storage.IRelationalCommandBuilderFactory|Executed DbCommand (44ms) [Parameters=[], CommandType='Text', CommandTimeout='30']
SELECT [x].[Id], [x].[BillingAddressId], [x].[DeliveryAddresId], [x].[Firstname], [x].[Lastname], [a].[Id], [a].[BusNumber], [a].[City], [a].[Country], [a].[Number], [a].[PostalCode], [a].[StreetName], [a0].[Id], [a0].[BusNumber], [a0].[City], [a0].[Country], [a0].[Number], [a0].[PostalCode], [a0].[StreetName]
FROM [Customers] AS [x]
LEFT JOIN [Addresses] AS [a] ON [x].[BillingAddressId] = [a].[Id]
LEFT JOIN [Addresses] AS [a0] ON [x].[DeliveryAddresId] = [a0].[Id]
2017-02-20 20:38:25.4342|INFO|Microsoft.AspNetCore.Mvc.Internal.ObjectResultExecutor|Executing ObjectResult, writing value Microsoft.AspNetCore.Mvc.ControllerContext.
2017-02-20 20:38:25.6889|INFO|Microsoft.AspNetCore.Mvc.Internal.ControllerActionInvoker|Executed action HerhalingNetCore.Api.Api.Controllers.CustomersController.GetAll (HerhalingNetCore.Api) in 2003.5571ms
2017-02-20 20:38:25.7040|INFO|Microsoft.AspNetCore.Hosting.Internal.WebHost|Request finished in 2123.3192ms 200 application/json; charset=utf-8
2017-02-20 20:38:35.0935|INFO|Microsoft.AspNetCore.Hosting.Internal.WebHost|Request starting HTTP/1.1 POST http://localhost:50969/api/customers application/json 490
2017-02-20 20:38:35.3010|INFO|Microsoft.AspNetCore.Mvc.Internal.ControllerActionInvoker|Executing action method HerhalingNetCore.Api.Api.Controllers.CustomersController.Add (HerhalingNetCore.Api) with arguments (HerhalingNetCore.Api.Api.Models.Customer.CustomerEdit) - ModelState is Valid
2017-02-20 20:38:35.7121|INFO|Microsoft.EntityFrameworkCore.Storage.IRelationalCommandBuilderFactory|Executed DbCommand (220ms) [Parameters=[@p0='?', @p1='?' (Size = 4000), @p2='?' (Size = 4000), @p3='?' (Size = 4000), @p4='?' (Size = 4000), @p5='?' (Size = 4000), @p6='?' (Size = 4000)], CommandType='Text', CommandTimeout='30']
SET NOCOUNT ON;
INSERT INTO [Addresses] ([Id], [BusNumber], [City], [Country], [Number], [PostalCode], [StreetName])
VALUES (@p0, @p1, @p2, @p3, @p4, @p5, @p6);
2017-02-20 20:38:35.9357|ERROR|Microsoft.EntityFrameworkCore.DbContext|An exception occurred in the database while saving changes.
Microsoft.EntityFrameworkCore.DbUpdateException: An error occurred while updating the entries. See the inner exception for details. ---> System.Data.SqlClient.SqlException: Cannot insert explicit value for identity column in table 'Addresses' when IDENTITY_INSERT is set to OFF.
   at System.Data.SqlClient.SqlConnection.OnError(SqlException exception, Boolean breakConnection, Action`1 wrapCloseInAction)
   at System.Data.SqlClient.TdsParser.ThrowExceptionAndWarning(TdsParserStateObject stateObj, Boolean callerHasConnectionLock, Boolean asyncClose)
   at System.Data.SqlClient.TdsParser.TryRun(RunBehavior runBehavior, SqlCommand cmdHandler, SqlDataReader dataStream, BulkCopySimpleResultSet bulkCopyHandler, TdsParserStateObject stateObj, Boolean& dataReady)
   at System.Data.SqlClient.SqlDataReader.TryConsumeMetaData()
   at System.Data.SqlClient.SqlDataReader.get_MetaData()
   at System.Data.SqlClient.SqlCommand.FinishExecuteReader(SqlDataReader ds, RunBehavior runBehavior, String resetOptionsString)
   at System.Data.SqlClient.SqlCommand.RunExecuteReaderTds(CommandBehavior cmdBehavior, RunBehavior runBehavior, Boolean returnStream, Boolean async, Int32 timeout, Task& task, Boolean asyncWrite, SqlDataReader ds)
   at System.Data.SqlClient.SqlCommand.ExecuteReader(CommandBehavior behavior)
   at Microsoft.EntityFrameworkCore.Storage.Internal.RelationalCommand.Execute(IRelationalConnection connection, String executeMethod, IReadOnlyDictionary`2 parameterValues, Boolean closeConnection)
   at Microsoft.EntityFrameworkCore.Storage.Internal.RelationalCommand.ExecuteReader(IRelationalConnection connection, IReadOnlyDictionary`2 parameterValues)
   at Microsoft.EntityFrameworkCore.Update.ReaderModificationCommandBatch.Execute(IRelationalConnection connection)
   --- End of inner exception stack trace ---
   at Microsoft.EntityFrameworkCore.Update.ReaderModificationCommandBatch.Execute(IRelationalConnection connection)
   at Microsoft.EntityFrameworkCore.Update.Internal.BatchExecutor.Execute(Tuple`2 parameters)
   at Microsoft.EntityFrameworkCore.Storage.Internal.SqlServerExecutionStrategy.Execute[TState,TResult](Func`2 operation, Func`2 verifySucceeded, TState state)
   at Microsoft.EntityFrameworkCore.ChangeTracking.Internal.StateManager.SaveChanges(IReadOnlyList`1 entriesToSave)
   at Microsoft.EntityFrameworkCore.ChangeTracking.Internal.StateManager.SaveChanges(Boolean acceptAllChangesOnSuccess)
   at Microsoft.EntityFrameworkCore.DbContext.SaveChanges(Boolean acceptAllChangesOnSuccess)
2017-02-20 20:38:36.0892|ERROR|Microsoft.AspNetCore.Diagnostics.DeveloperExceptionPageMiddleware|An unhandled exception has occurred while executing the request
2017-02-20 20:38:36.2616|INFO|Microsoft.AspNetCore.Hosting.Internal.WebHost|Request finished in 1168.5323ms 500 text/html; charset=utf-8
2017-02-20 20:38:39.8857|INFO|Microsoft.AspNetCore.Hosting.Internal.WebHost|Request starting HTTP/1.1 GET http://localhost:50969/api/customers application/json 
2017-02-20 20:38:39.9148|INFO|Microsoft.AspNetCore.Mvc.Internal.ControllerActionInvoker|Executing action method HerhalingNetCore.Api.Api.Controllers.CustomersController.GetAll (HerhalingNetCore.Api) with arguments ((null)) - ModelState is Valid
2017-02-20 20:38:39.9479|INFO|Microsoft.EntityFrameworkCore.Storage.IRelationalCommandBuilderFactory|Executed DbCommand (0ms) [Parameters=[], CommandType='Text', CommandTimeout='30']
SELECT [x].[Id], [x].[BillingAddressId], [x].[DeliveryAddresId], [x].[Firstname], [x].[Lastname], [a].[Id], [a].[BusNumber], [a].[City], [a].[Country], [a].[Number], [a].[PostalCode], [a].[StreetName], [a0].[Id], [a0].[BusNumber], [a0].[City], [a0].[Country], [a0].[Number], [a0].[PostalCode], [a0].[StreetName]
FROM [Customers] AS [x]
LEFT JOIN [Addresses] AS [a] ON [x].[BillingAddressId] = [a].[Id]
LEFT JOIN [Addresses] AS [a0] ON [x].[DeliveryAddresId] = [a0].[Id]
2017-02-20 20:38:39.9719|INFO|Microsoft.AspNetCore.Mvc.Internal.ObjectResultExecutor|Executing ObjectResult, writing value Microsoft.AspNetCore.Mvc.ControllerContext.
2017-02-20 20:38:39.9940|INFO|Microsoft.AspNetCore.Mvc.Internal.ControllerActionInvoker|Executed action HerhalingNetCore.Api.Api.Controllers.CustomersController.GetAll (HerhalingNetCore.Api) in 78.9292ms
2017-02-20 20:38:40.0160|INFO|Microsoft.AspNetCore.Hosting.Internal.WebHost|Request finished in 130.6284ms 200 application/json; charset=utf-8
2017-02-20 20:38:42.6813|INFO|Microsoft.AspNetCore.Hosting.Internal.WebHost|Request starting HTTP/1.1 GET http://localhost:50969/api/customers application/json 
2017-02-20 20:38:42.7034|INFO|Microsoft.AspNetCore.Mvc.Internal.ControllerActionInvoker|Executing action method HerhalingNetCore.Api.Api.Controllers.CustomersController.GetAll (HerhalingNetCore.Api) with arguments ((null)) - ModelState is Valid
2017-02-20 20:38:42.7325|INFO|Microsoft.EntityFrameworkCore.Storage.IRelationalCommandBuilderFactory|Executed DbCommand (0ms) [Parameters=[], CommandType='Text', CommandTimeout='30']
SELECT [x].[Id], [x].[BillingAddressId], [x].[DeliveryAddresId], [x].[Firstname], [x].[Lastname], [a].[Id], [a].[BusNumber], [a].[City], [a].[Country], [a].[Number], [a].[PostalCode], [a].[StreetName], [a0].[Id], [a0].[BusNumber], [a0].[City], [a0].[Country], [a0].[Number], [a0].[PostalCode], [a0].[StreetName]
FROM [Customers] AS [x]
LEFT JOIN [Addresses] AS [a] ON [x].[BillingAddressId] = [a].[Id]
LEFT JOIN [Addresses] AS [a0] ON [x].[DeliveryAddresId] = [a0].[Id]
2017-02-20 20:38:42.7515|INFO|Microsoft.AspNetCore.Mvc.Internal.ObjectResultExecutor|Executing ObjectResult, writing value Microsoft.AspNetCore.Mvc.ControllerContext.
2017-02-20 20:38:42.7656|INFO|Microsoft.AspNetCore.Mvc.Internal.ControllerActionInvoker|Executed action HerhalingNetCore.Api.Api.Controllers.CustomersController.GetAll (HerhalingNetCore.Api) in 61.8945ms
2017-02-20 20:38:42.7846|INFO|Microsoft.AspNetCore.Hosting.Internal.WebHost|Request finished in 104.2433ms 200 application/json; charset=utf-8
2017-02-20 20:59:30.9571|INFO|Microsoft.AspNetCore.Hosting.Internal.WebHost|Request starting HTTP/1.1 GET http://localhost:50969/  
2017-02-20 20:59:30.9571|INFO|Microsoft.AspNetCore.Hosting.Internal.WebHost|Request starting HTTP/1.1 DEBUG http://localhost:50969/  0
2017-02-20 20:59:31.1286|INFO|Microsoft.AspNetCore.Hosting.Internal.WebHost|Request finished in 222.8155ms 200 
2017-02-20 20:59:31.4634|INFO|Microsoft.AspNetCore.Hosting.Internal.WebHost|Request finished in 577.9905ms 404 text/plain
2017-02-20 20:59:47.4157|INFO|Microsoft.AspNetCore.Hosting.Internal.WebHost|Request starting HTTP/1.1 POST http://localhost:50969/api/customers application/json 120
2017-02-20 20:59:48.0564|INFO|Microsoft.AspNetCore.Mvc.Internal.ControllerActionInvoker|Executing action method HerhalingNetCore.Api.Api.Controllers.CustomersController.Add (HerhalingNetCore.Api) with arguments (HerhalingNetCore.Api.Api.Models.Customer.CustomerEdit) - ModelState is Valid
2017-02-20 20:59:49.9274|INFO|Microsoft.EntityFrameworkCore.Storage.IRelationalCommandBuilderFactory|Executed DbCommand (77ms) [Parameters=[@__customer_BillingAddress_0='?'], CommandType='Text', CommandTimeout='30']
SELECT TOP(1) [x].[Id], [x].[BusNumber], [x].[City], [x].[Country], [x].[Number], [x].[PostalCode], [x].[StreetName]
FROM [Addresses] AS [x]
WHERE [x].[Id] = @__customer_BillingAddress_0
2017-02-20 20:59:50.0617|INFO|Microsoft.EntityFrameworkCore.Storage.IRelationalCommandBuilderFactory|Executed DbCommand (3ms) [Parameters=[@__customer_DeliveryAddres_0='?'], CommandType='Text', CommandTimeout='30']
SELECT TOP(1) [x].[Id], [x].[BusNumber], [x].[City], [x].[Country], [x].[Number], [x].[PostalCode], [x].[StreetName]
FROM [Addresses] AS [x]
WHERE [x].[Id] = @__customer_DeliveryAddres_0
2017-02-20 21:00:05.3745|INFO|Microsoft.EntityFrameworkCore.Storage.IRelationalCommandBuilderFactory|Executed DbCommand (9ms) [Parameters=[@p0='?', @p1='?', @p2='?' (Size = 4000), @p3='?' (Size = 4000)], CommandType='Text', CommandTimeout='30']
SET NOCOUNT ON;
INSERT INTO [Customers] ([BillingAddressId], [DeliveryAddresId], [Firstname], [Lastname])
VALUES (@p0, @p1, @p2, @p3);
SELECT [Id]
FROM [Customers]
WHERE @@ROWCOUNT = 1 AND [Id] = scope_identity();
2017-02-20 21:00:05.4347|INFO|Microsoft.AspNetCore.Mvc.Internal.ObjectResultExecutor|Executing ObjectResult, writing value Microsoft.AspNetCore.Mvc.ControllerContext.
2017-02-20 21:00:05.5199|INFO|Microsoft.AspNetCore.Mvc.Internal.ControllerActionInvoker|Executed action HerhalingNetCore.Api.Api.Controllers.CustomersController.Add (HerhalingNetCore.Api) in 17997.8572ms
2017-02-20 21:00:05.5359|INFO|Microsoft.AspNetCore.Hosting.Internal.WebHost|Request finished in 18120.6082ms 201 application/json; charset=utf-8
2017-02-20 21:00:12.9275|INFO|Microsoft.AspNetCore.Hosting.Internal.WebHost|Request starting HTTP/1.1 GET http://localhost:50969/api/customers application/json 
2017-02-20 21:00:12.9486|INFO|Microsoft.AspNetCore.Mvc.Internal.ControllerActionInvoker|Executing action method HerhalingNetCore.Api.Api.Controllers.CustomersController.GetAll (HerhalingNetCore.Api) with arguments ((null)) - ModelState is Valid
2017-02-20 21:00:13.0669|INFO|Microsoft.EntityFrameworkCore.Storage.IRelationalCommandBuilderFactory|Executed DbCommand (4ms) [Parameters=[], CommandType='Text', CommandTimeout='30']
SELECT [x].[Id], [x].[BillingAddressId], [x].[DeliveryAddresId], [x].[Firstname], [x].[Lastname], [a].[Id], [a].[BusNumber], [a].[City], [a].[Country], [a].[Number], [a].[PostalCode], [a].[StreetName], [a0].[Id], [a0].[BusNumber], [a0].[City], [a0].[Country], [a0].[Number], [a0].[PostalCode], [a0].[StreetName]
FROM [Customers] AS [x]
LEFT JOIN [Addresses] AS [a] ON [x].[BillingAddressId] = [a].[Id]
LEFT JOIN [Addresses] AS [a0] ON [x].[DeliveryAddresId] = [a0].[Id]
2017-02-20 21:00:13.1160|INFO|Microsoft.AspNetCore.Mvc.Internal.ObjectResultExecutor|Executing ObjectResult, writing value Microsoft.AspNetCore.Mvc.ControllerContext.
2017-02-20 21:00:13.1381|INFO|Microsoft.AspNetCore.Mvc.Internal.ControllerActionInvoker|Executed action HerhalingNetCore.Api.Api.Controllers.CustomersController.GetAll (HerhalingNetCore.Api) in 191.7682ms
2017-02-20 21:00:13.1531|INFO|Microsoft.AspNetCore.Hosting.Internal.WebHost|Request finished in 225.9442ms 200 application/json; charset=utf-8
2017-02-20 21:00:54.4200|INFO|Microsoft.AspNetCore.Hosting.Internal.WebHost|Request starting HTTP/1.1 POST http://localhost:50969/api/customers application/json 120
2017-02-20 21:00:54.4421|INFO|Microsoft.AspNetCore.Mvc.Internal.ControllerActionInvoker|Executing action method HerhalingNetCore.Api.Api.Controllers.CustomersController.Add (HerhalingNetCore.Api) with arguments (HerhalingNetCore.Api.Api.Models.Customer.CustomerEdit) - ModelState is Valid
2017-02-20 21:00:54.4732|INFO|Microsoft.EntityFrameworkCore.Storage.IRelationalCommandBuilderFactory|Executed DbCommand (7ms) [Parameters=[@__customer_BillingAddress_0='?'], CommandType='Text', CommandTimeout='30']
SELECT TOP(1) [x].[Id], [x].[BusNumber], [x].[City], [x].[Country], [x].[Number], [x].[PostalCode], [x].[StreetName]
FROM [Addresses] AS [x]
WHERE [x].[Id] = @__customer_BillingAddress_0
2017-02-20 21:00:54.4882|INFO|Microsoft.EntityFrameworkCore.Storage.IRelationalCommandBuilderFactory|Executed DbCommand (1ms) [Parameters=[@__customer_DeliveryAddres_0='?'], CommandType='Text', CommandTimeout='30']
SELECT TOP(1) [x].[Id], [x].[BusNumber], [x].[City], [x].[Country], [x].[Number], [x].[PostalCode], [x].[StreetName]
FROM [Addresses] AS [x]
WHERE [x].[Id] = @__customer_DeliveryAddres_0
2017-02-20 21:00:54.5102|INFO|Microsoft.EntityFrameworkCore.Storage.IRelationalCommandBuilderFactory|Executed DbCommand (3ms) [Parameters=[@p0='?', @p1='?', @p2='?' (Size = 4000), @p3='?' (Size = 4000)], CommandType='Text', CommandTimeout='30']
SET NOCOUNT ON;
INSERT INTO [Customers] ([BillingAddressId], [DeliveryAddresId], [Firstname], [Lastname])
VALUES (@p0, @p1, @p2, @p3);
SELECT [Id]
FROM [Customers]
WHERE @@ROWCOUNT = 1 AND [Id] = scope_identity();
2017-02-20 21:00:54.5223|INFO|Microsoft.AspNetCore.Mvc.Internal.ObjectResultExecutor|Executing ObjectResult, writing value Microsoft.AspNetCore.Mvc.ControllerContext.
2017-02-20 21:00:54.5223|INFO|Microsoft.AspNetCore.Mvc.Internal.ControllerActionInvoker|Executed action HerhalingNetCore.Api.Api.Controllers.CustomersController.Add (HerhalingNetCore.Api) in 94.078ms
2017-02-20 21:00:54.5504|INFO|Microsoft.AspNetCore.Hosting.Internal.WebHost|Request finished in 130.2692ms 201 application/json; charset=utf-8
2017-02-20 21:00:59.3606|INFO|Microsoft.AspNetCore.Hosting.Internal.WebHost|Request starting HTTP/1.1 GET http://localhost:50969/api/customers application/json 
2017-02-20 21:00:59.3767|INFO|Microsoft.AspNetCore.Mvc.Internal.ControllerActionInvoker|Executing action method HerhalingNetCore.Api.Api.Controllers.CustomersController.GetAll (HerhalingNetCore.Api) with arguments ((null)) - ModelState is Valid
2017-02-20 21:00:59.3937|INFO|Microsoft.EntityFrameworkCore.Storage.IRelationalCommandBuilderFactory|Executed DbCommand (2ms) [Parameters=[], CommandType='Text', CommandTimeout='30']
SELECT [x].[Id], [x].[BillingAddressId], [x].[DeliveryAddresId], [x].[Firstname], [x].[Lastname], [a].[Id], [a].[BusNumber], [a].[City], [a].[Country], [a].[Number], [a].[PostalCode], [a].[StreetName], [a0].[Id], [a0].[BusNumber], [a0].[City], [a0].[Country], [a0].[Number], [a0].[PostalCode], [a0].[StreetName]
FROM [Customers] AS [x]
LEFT JOIN [Addresses] AS [a] ON [x].[BillingAddressId] = [a].[Id]
LEFT JOIN [Addresses] AS [a0] ON [x].[DeliveryAddresId] = [a0].[Id]
2017-02-20 21:00:59.4087|INFO|Microsoft.AspNetCore.Mvc.Internal.ObjectResultExecutor|Executing ObjectResult, writing value Microsoft.AspNetCore.Mvc.ControllerContext.
2017-02-20 21:00:59.4218|INFO|Microsoft.AspNetCore.Mvc.Internal.ControllerActionInvoker|Executed action HerhalingNetCore.Api.Api.Controllers.CustomersController.GetAll (HerhalingNetCore.Api) in 45.1371ms
2017-02-20 21:00:59.4408|INFO|Microsoft.AspNetCore.Hosting.Internal.WebHost|Request finished in 79.2073ms 200 application/json; charset=utf-8
2017-02-20 21:09:48.6228|INFO|Microsoft.AspNetCore.Hosting.Internal.WebHost|Request starting HTTP/1.1 DEBUG http://localhost:50969/  0
2017-02-20 21:09:48.6228|INFO|Microsoft.AspNetCore.Hosting.Internal.WebHost|Request starting HTTP/1.1 GET http://localhost:50969/  
2017-02-20 21:09:48.7755|INFO|Microsoft.AspNetCore.Hosting.Internal.WebHost|Request finished in 186.643ms 200 
2017-02-20 21:09:49.0813|INFO|Microsoft.AspNetCore.Hosting.Internal.WebHost|Request finished in 517.2266ms 404 text/plain
2017-02-20 21:10:38.0665|INFO|Microsoft.AspNetCore.Hosting.Internal.WebHost|Request starting HTTP/1.1 POST http://localhost:50969/api/products application/json 74
2017-02-20 21:10:38.7072|INFO|Microsoft.AspNetCore.Mvc.Internal.ControllerActionInvoker|Executing action method HerhalingNetCore.Api.Api.Controllers.ProductsController.Add (HerhalingNetCore.Api) with arguments (HerhalingNetCore.Api.Api.Models.Products.ProductEdit) - ModelState is Valid
2017-02-20 21:10:39.9375|INFO|Microsoft.EntityFrameworkCore.Storage.IRelationalCommandBuilderFactory|Executed DbCommand (104ms) [Parameters=[@p0='?' (Size = 4000), @p1='?', @p2='?' (Size = 4000)], CommandType='Text', CommandTimeout='30']
SET NOCOUNT ON;
INSERT INTO [Products] ([Name], [PricePerQuantity], [Type])
VALUES (@p0, @p1, @p2);
SELECT [Id]
FROM [Products]
WHERE @@ROWCOUNT = 1 AND [Id] = scope_identity();
2017-02-20 21:10:40.0419|INFO|Microsoft.AspNetCore.Mvc.Internal.ObjectResultExecutor|Executing ObjectResult, writing value Microsoft.AspNetCore.Mvc.ControllerContext.
2017-02-20 21:10:40.1241|INFO|Microsoft.AspNetCore.Mvc.Internal.ControllerActionInvoker|Executed action HerhalingNetCore.Api.Api.Controllers.ProductsController.Add (HerhalingNetCore.Api) in 1955.7136ms
2017-02-20 21:10:40.1392|INFO|Microsoft.AspNetCore.Hosting.Internal.WebHost|Request finished in 2072.7557ms 201 application/json; charset=utf-8
2017-02-20 21:10:45.7337|INFO|Microsoft.AspNetCore.Hosting.Internal.WebHost|Request starting HTTP/1.1 GET http://localhost:50969/api/products application/json 
2017-02-20 21:10:45.7478|INFO|Microsoft.AspNetCore.Mvc.Internal.ControllerActionInvoker|Executing action method HerhalingNetCore.Api.Api.Controllers.ProductsController.GetAll (HerhalingNetCore.Api) with arguments ((null)) - ModelState is Valid
2017-02-20 21:10:46.0546|INFO|Microsoft.EntityFrameworkCore.Storage.IRelationalCommandBuilderFactory|Executed DbCommand (4ms) [Parameters=[], CommandType='Text', CommandTimeout='30']
SELECT [p].[Id], [p].[Name], [p].[PricePerQuantity], [p].[Type]
FROM [Products] AS [p]
2017-02-20 21:10:46.0877|INFO|Microsoft.AspNetCore.Mvc.Internal.ObjectResultExecutor|Executing ObjectResult, writing value Microsoft.AspNetCore.Mvc.ControllerContext.
2017-02-20 21:10:46.1147|INFO|Microsoft.AspNetCore.Mvc.Internal.ControllerActionInvoker|Executed action HerhalingNetCore.Api.Api.Controllers.ProductsController.GetAll (HerhalingNetCore.Api) in 365.883ms
2017-02-20 21:10:46.1298|INFO|Microsoft.AspNetCore.Hosting.Internal.WebHost|Request finished in 396.403ms 200 application/json; charset=utf-8
2017-02-20 21:11:00.9243|INFO|Microsoft.AspNetCore.Hosting.Internal.WebHost|Request starting HTTP/1.1 POST http://localhost:50969/api/products application/json 76
2017-02-20 21:11:00.9413|INFO|Microsoft.AspNetCore.Mvc.Internal.ControllerActionInvoker|Executing action method HerhalingNetCore.Api.Api.Controllers.ProductsController.Add (HerhalingNetCore.Api) with arguments (HerhalingNetCore.Api.Api.Models.Products.ProductEdit) - ModelState is Valid
2017-02-20 21:11:00.9583|INFO|Microsoft.EntityFrameworkCore.Storage.IRelationalCommandBuilderFactory|Executed DbCommand (2ms) [Parameters=[@p0='?' (Size = 4000), @p1='?', @p2='?' (Size = 4000)], CommandType='Text', CommandTimeout='30']
SET NOCOUNT ON;
INSERT INTO [Products] ([Name], [PricePerQuantity], [Type])
VALUES (@p0, @p1, @p2);
SELECT [Id]
FROM [Products]
WHERE @@ROWCOUNT = 1 AND [Id] = scope_identity();
2017-02-20 21:11:00.9714|INFO|Microsoft.AspNetCore.Mvc.Internal.ObjectResultExecutor|Executing ObjectResult, writing value Microsoft.AspNetCore.Mvc.ControllerContext.
2017-02-20 21:11:00.9844|INFO|Microsoft.AspNetCore.Mvc.Internal.ControllerActionInvoker|Executed action HerhalingNetCore.Api.Api.Controllers.ProductsController.Add (HerhalingNetCore.Api) in 44.7923ms
2017-02-20 21:11:00.9985|INFO|Microsoft.AspNetCore.Hosting.Internal.WebHost|Request finished in 74.6945ms 201 application/json; charset=utf-8
2017-02-20 21:11:04.8297|INFO|Microsoft.AspNetCore.Hosting.Internal.WebHost|Request starting HTTP/1.1 GET http://localhost:50969/api/products application/json 
2017-02-20 21:11:04.8427|INFO|Microsoft.AspNetCore.Mvc.Internal.ControllerActionInvoker|Executing action method HerhalingNetCore.Api.Api.Controllers.ProductsController.GetAll (HerhalingNetCore.Api) with arguments ((null)) - ModelState is Valid
2017-02-20 21:11:04.8598|INFO|Microsoft.EntityFrameworkCore.Storage.IRelationalCommandBuilderFactory|Executed DbCommand (0ms) [Parameters=[], CommandType='Text', CommandTimeout='30']
SELECT [p].[Id], [p].[Name], [p].[PricePerQuantity], [p].[Type]
FROM [Products] AS [p]
2017-02-20 21:11:04.8758|INFO|Microsoft.AspNetCore.Mvc.Internal.ObjectResultExecutor|Executing ObjectResult, writing value Microsoft.AspNetCore.Mvc.ControllerContext.
2017-02-20 21:11:04.8909|INFO|Microsoft.AspNetCore.Mvc.Internal.ControllerActionInvoker|Executed action HerhalingNetCore.Api.Api.Controllers.ProductsController.GetAll (HerhalingNetCore.Api) in 48.233ms
2017-02-20 21:11:04.9049|INFO|Microsoft.AspNetCore.Hosting.Internal.WebHost|Request finished in 75.8149ms 200 application/json; charset=utf-8
2017-02-20 21:23:54.8249|INFO|Microsoft.AspNetCore.Hosting.Internal.WebHost|Request starting HTTP/1.1 GET http://localhost:50969/  
2017-02-20 21:23:54.8249|INFO|Microsoft.AspNetCore.Hosting.Internal.WebHost|Request starting HTTP/1.1 DEBUG http://localhost:50969/  0
2017-02-20 21:23:55.0084|INFO|Microsoft.AspNetCore.Hosting.Internal.WebHost|Request finished in 232.3319ms 200 
2017-02-20 21:23:55.3202|INFO|Microsoft.AspNetCore.Hosting.Internal.WebHost|Request finished in 568.7984ms 404 text/plain
2017-02-20 21:26:23.5779|INFO|Microsoft.AspNetCore.Hosting.Internal.WebHost|Request starting HTTP/1.1 GET http://localhost:50969/api/invoices application/json 
2017-02-20 21:26:23.8697|INFO|Microsoft.AspNetCore.Mvc.Internal.ControllerActionInvoker|Executing action method HerhalingNetCore.Api.Api.Controllers.InvoicesController.GetAll (HerhalingNetCore.Api) with arguments ((null)) - ModelState is Valid
2017-02-20 21:26:25.1772|INFO|Microsoft.EntityFrameworkCore.Storage.IRelationalCommandBuilderFactory|Executed DbCommand (43ms) [Parameters=[], CommandType='Text', CommandTimeout='30']
SELECT [x].[Id], [x].[CompanyId], [x].[CustomerId], [x].[Name], [c].[Id], [c].[BillingAddressId], [c].[DeliveryAddresId], [c].[Firstname], [c].[Lastname], [c0].[Id], [c0].[CompanyAddressId], [c0].[CompanyBtwNumber], [c0].[Name]
FROM [Invoices] AS [x]
LEFT JOIN [Customers] AS [c] ON [x].[CustomerId] = [c].[Id]
LEFT JOIN [Companies] AS [c0] ON [x].[CompanyId] = [c0].[Id]
ORDER BY [x].[Id]
2017-02-20 21:26:25.4479|INFO|Microsoft.EntityFrameworkCore.Storage.IRelationalCommandBuilderFactory|Executed DbCommand (8ms) [Parameters=[], CommandType='Text', CommandTimeout='30']
SELECT [i].[Id], [i].[InvoiceId], [i].[ProductId], [i].[Quantity]
FROM [InvoiceLines] AS [i]
WHERE EXISTS (
    SELECT 1
    FROM [Invoices] AS [x]
    WHERE [i].[InvoiceId] = [x].[Id])
ORDER BY [i].[InvoiceId]
2017-02-20 21:26:25.5783|INFO|Microsoft.AspNetCore.Mvc.Internal.ObjectResultExecutor|Executing ObjectResult, writing value Microsoft.AspNetCore.Mvc.ControllerContext.
2017-02-20 21:26:25.8049|INFO|Microsoft.AspNetCore.Mvc.Internal.ControllerActionInvoker|Executed action HerhalingNetCore.Api.Api.Controllers.InvoicesController.GetAll (HerhalingNetCore.Api) in 2133.0549ms
2017-02-20 21:26:25.8209|INFO|Microsoft.AspNetCore.Hosting.Internal.WebHost|Request finished in 2244.7709ms 200 application/json; charset=utf-8
2017-02-20 21:31:43.8010|INFO|Microsoft.AspNetCore.Hosting.Internal.WebHost|Request starting HTTP/1.1 GET http://localhost:50969/  
2017-02-20 21:31:43.8010|INFO|Microsoft.AspNetCore.Hosting.Internal.WebHost|Request starting HTTP/1.1 DEBUG http://localhost:50969/  0
2017-02-20 21:31:43.9644|INFO|Microsoft.AspNetCore.Hosting.Internal.WebHost|Request finished in 213.0977ms 200 
2017-02-20 21:31:44.2692|INFO|Microsoft.AspNetCore.Hosting.Internal.WebHost|Request finished in 537.7152ms 404 text/plain
2017-02-20 21:31:57.2807|INFO|Microsoft.AspNetCore.Hosting.Internal.WebHost|Request starting HTTP/1.1 GET http://localhost:50969/api/invoices application/json 
2017-02-20 21:31:57.5935|INFO|Microsoft.AspNetCore.Mvc.Internal.ControllerActionInvoker|Executing action method HerhalingNetCore.Api.Api.Controllers.InvoicesController.GetAll (HerhalingNetCore.Api) with arguments ((null)) - ModelState is Valid
2017-02-20 21:31:58.9522|INFO|Microsoft.EntityFrameworkCore.Storage.IRelationalCommandBuilderFactory|Executed DbCommand (44ms) [Parameters=[], CommandType='Text', CommandTimeout='30']
SELECT [x].[Id], [x].[CompanyId], [x].[CustomerId], [x].[Name], [c].[Id], [c].[BillingAddressId], [c].[DeliveryAddresId], [c].[Firstname], [c].[Lastname], [c0].[Id], [c0].[CompanyAddressId], [c0].[CompanyBtwNumber], [c0].[Name]
FROM [Invoices] AS [x]
LEFT JOIN [Customers] AS [c] ON [x].[CustomerId] = [c].[Id]
LEFT JOIN [Companies] AS [c0] ON [x].[CompanyId] = [c0].[Id]
ORDER BY [x].[Id]
2017-02-20 21:31:59.2359|INFO|Microsoft.EntityFrameworkCore.Storage.IRelationalCommandBuilderFactory|Executed DbCommand (10ms) [Parameters=[], CommandType='Text', CommandTimeout='30']
SELECT [i].[Id], [i].[InvoiceId], [i].[ProductId], [i].[Quantity], [p].[Id], [p].[Name], [p].[PricePerQuantity], [p].[Type]
FROM [InvoiceLines] AS [i]
LEFT JOIN [Products] AS [p] ON [i].[ProductId] = [p].[Id]
WHERE EXISTS (
    SELECT 1
    FROM [Invoices] AS [x]
    WHERE [i].[InvoiceId] = [x].[Id])
ORDER BY [i].[InvoiceId]
2017-02-20 21:31:59.3653|INFO|Microsoft.AspNetCore.Mvc.Internal.ObjectResultExecutor|Executing ObjectResult, writing value Microsoft.AspNetCore.Mvc.ControllerContext.
2017-02-20 21:31:59.6079|INFO|Microsoft.AspNetCore.Mvc.Internal.ControllerActionInvoker|Executed action HerhalingNetCore.Api.Api.Controllers.InvoicesController.GetAll (HerhalingNetCore.Api) in 2214.8658ms
2017-02-20 21:31:59.6250|INFO|Microsoft.AspNetCore.Hosting.Internal.WebHost|Request finished in 2344.3483ms 200 application/json; charset=utf-8
